<?xml version="1.0" encoding="UTF-8"?>
<coverage generated="1616594416388" clover="3.2.0">
  <project timestamp="1616594416388" name="All files">
    <metrics statements="10" coveredstatements="9" conditionals="2" coveredconditionals="0" methods="2" coveredmethods="1" elements="14" coveredelements="10" complexity="0" loc="10" ncloc="10" packages="1" files="1" classes="1"/>
    <file name="configMessage.js" path="C:\Users\Koke\Documents\SkyFinalProject\alvaro-final-project\BACKEND\src\Config\configMessage.js">
      <metrics statements="10" coveredstatements="9" conditionals="2" coveredconditionals="0" methods="2" coveredmethods="1"/>
      <line num="1" count="1" type="stmt"/>
      <line num="2" count="1" type="stmt"/>
      <line num="4" count="1" type="stmt"/>
      <line num="5" count="1" type="stmt"/>
      <line num="6" count="1" type="stmt"/>
      <line num="8" count="1" type="stmt"/>
      <line num="15" count="1" type="stmt"/>
      <line num="21" count="1" type="stmt"/>
      <line num="22" count="0" type="cond" truecount="0" falsecount="2"/>
      <line num="28" count="1" type="stmt"/>
    </file>
  </project>
</coverage>
