{"C:\\Users\\Koke\\Documents\\SkyFinalProject\\alvaro-final-project\\BACKEND\\src\\Controllers\\CoinController.js": {"path":"C:\\Users\\Koke\\Documents\\SkyFinalProject\\alvaro-final-project\\BACKEND\\src\\Controllers\\CoinController.js","statementMap":{"0":{"start":{"line":1,"column":13},"end":{"line":1,"column":44}},"1":{"start":{"line":2,"column":14},"end":{"line":2,"column":30}},"2":{"start":{"line":5,"column":22},"end":{"line":12,"column":3}},"3":{"start":{"line":6,"column":20},"end":{"line":8,"column":6}},"4":{"start":{"line":9,"column":4},"end":{"line":9,"column":18}},"5":{"start":{"line":11,"column":4},"end":{"line":11,"column":21}},"6":{"start":{"line":14,"column":22},"end":{"line":24,"column":3}},"7":{"start":{"line":15,"column":21},"end":{"line":22,"column":6}},"8":{"start":{"line":16,"column":6},"end":{"line":21,"column":7}},"9":{"start":{"line":17,"column":8},"end":{"line":17,"column":23}},"10":{"start":{"line":18,"column":8},"end":{"line":18,"column":53}},"11":{"start":{"line":20,"column":8},"end":{"line":20,"column":28}},"12":{"start":{"line":23,"column":4},"end":{"line":23,"column":22}},"13":{"start":{"line":26,"column":21},"end":{"line":35,"column":3}},"14":{"start":{"line":27,"column":13},"end":{"line":27,"column":30}},"15":{"start":{"line":29,"column":19},"end":{"line":31,"column":8}},"16":{"start":{"line":33,"column":7},"end":{"line":33,"column":18}},"17":{"start":{"line":34,"column":7},"end":{"line":34,"column":21}},"18":{"start":{"line":37,"column":2},"end":{"line":41,"column":3}},"19":{"start":{"line":45,"column":0},"end":{"line":45,"column":33}}},"fnMap":{"0":{"name":"CoinController","decl":{"start":{"line":4,"column":9},"end":{"line":4,"column":23}},"loc":{"start":{"line":4,"column":27},"end":{"line":42,"column":1}},"line":4},"1":{"name":"(anonymous_1)","decl":{"start":{"line":5,"column":22},"end":{"line":5,"column":23}},"loc":{"start":{"line":5,"column":36},"end":{"line":12,"column":3}},"line":5},"2":{"name":"(anonymous_2)","decl":{"start":{"line":14,"column":22},"end":{"line":14,"column":23}},"loc":{"start":{"line":14,"column":42},"end":{"line":24,"column":3}},"line":14},"3":{"name":"(anonymous_3)","decl":{"start":{"line":15,"column":41},"end":{"line":15,"column":42}},"loc":{"start":{"line":15,"column":68},"end":{"line":22,"column":5}},"line":15},"4":{"name":"(anonymous_4)","decl":{"start":{"line":26,"column":21},"end":{"line":26,"column":22}},"loc":{"start":{"line":26,"column":38},"end":{"line":35,"column":3}},"line":26}},"branchMap":{"0":{"loc":{"start":{"line":16,"column":6},"end":{"line":21,"column":7}},"type":"if","locations":[{"start":{"line":16,"column":6},"end":{"line":21,"column":7}},{"start":{"line":16,"column":6},"end":{"line":21,"column":7}}],"line":16}},"s":{"0":1,"1":1,"2":1,"3":1,"4":1,"5":1,"6":1,"7":2,"8":2,"9":1,"10":1,"11":1,"12":2,"13":1,"14":1,"15":1,"16":0,"17":0,"18":1,"19":1},"f":{"0":1,"1":1,"2":2,"3":2,"4":1},"b":{"0":[1,1]},"_coverageSchema":"1a1c01bbd47fc00a2c39e90264f33305004495a9","hash":"d0c2f897b67b173163584e818245a7c18027b11b"}
,"C:\\Users\\Koke\\Documents\\SkyFinalProject\\alvaro-final-project\\BACKEND\\src\\Models\\CointModel.js": {"path":"C:\\Users\\Koke\\Documents\\SkyFinalProject\\alvaro-final-project\\BACKEND\\src\\Models\\CointModel.js","statementMap":{"0":{"start":{"line":1,"column":26},"end":{"line":1,"column":45}},"1":{"start":{"line":3,"column":19},"end":{"line":7,"column":2}},"2":{"start":{"line":9,"column":0},"end":{"line":9,"column":42}}},"fnMap":{},"branchMap":{},"s":{"0":1,"1":1,"2":1},"f":{},"b":{},"_coverageSchema":"1a1c01bbd47fc00a2c39e90264f33305004495a9","hash":"08940e27992b05b3d291724014ffbad5eea26dd6"}
}
