TN:
SF:src\Controllers\UserController.js
FN:3,UserController
FN:4,(anonymous_1)
FN:7,(anonymous_2)
FN:16,(anonymous_3)
FN:18,(anonymous_4)
FNF:5
FNH:3
FNDA:1,UserController
FNDA:2,(anonymous_1)
FNDA:2,(anonymous_2)
FNDA:0,(anonymous_3)
FNDA:0,(anonymous_4)
DA:1,1
DA:4,1
DA:5,2
DA:7,2
DA:8,2
DA:9,1
DA:11,1
DA:16,1
DA:17,0
DA:18,0
DA:19,0
DA:20,0
DA:22,0
DA:27,1
DA:33,1
LF:15
LH:10
BRDA:8,0,0,1
BRDA:8,0,1,1
BRDA:19,1,0,0
BRDA:19,1,1,0
BRF:4
BRH:2
end_of_record
TN:
SF:src\Models\User.js
FNF:0
FNH:0
DA:1,1
DA:3,1
DA:9,1
LF:3
LH:3
BRF:0
BRH:0
end_of_record
