TN:
SF:src\Controllers\CoinController.js
FN:4,CoinController
FN:5,(anonymous_1)
FN:14,(anonymous_2)
FN:15,(anonymous_3)
FN:26,(anonymous_4)
FNF:5
FNH:4
FNDA:1,CoinController
FNDA:1,(anonymous_1)
FNDA:2,(anonymous_2)
FNDA:2,(anonymous_3)
FNDA:0,(anonymous_4)
DA:1,1
DA:2,1
DA:5,1
DA:6,1
DA:10,1
DA:11,1
DA:14,1
DA:15,2
DA:16,2
DA:17,1
DA:18,1
DA:20,1
DA:23,2
DA:26,1
DA:27,0
DA:29,0
DA:32,0
DA:33,0
DA:34,0
DA:35,0
DA:38,1
DA:45,1
LF:22
LH:16
BRDA:16,0,0,1
BRDA:16,0,1,1
BRF:2
BRH:2
end_of_record
TN:
SF:src\Models\CointModel.js
FNF:0
FNH:0
DA:1,1
DA:3,1
DA:9,1
LF:3
LH:3
BRF:0
BRH:0
end_of_record
